<?xml version="1.0" encoding="UTF-8"?>
<!-- Generated by org.testng.reporters.JUnitReportReporter -->
<testsuite hostname="Vimalraj" failures="0" tests="1" name="com.test.TestExecution" time="62.464" errors="0" timestamp="2023-09-12T20:40:17 IST" skipped="0">
  <testcase classname="com.test.TestExecution" name="test" time="62.464"/>
  <system-out/>
</testsuite> <!-- com.test.TestExecution -->
